<?xml version="1.0" encoding="UTF-8"?>
<!-- Generated by org.testng.reporters.JUnitReportReporter -->
<testsuite hostname="Dell-PC" name="com.ClearTrip.Regression.Hotel.TestCase.BookHotel" tests="1" failures="0" timestamp="26 Aug 2017 10:14:52 GMT" time="47.924" errors="0">
  <testcase name="BookHotelPage" time="47.924" classname="com.ClearTrip.Regression.Hotel.TestCase.BookHotel"/>
</testsuite> <!-- com.ClearTrip.Regression.Hotel.TestCase.BookHotel -->
