<?xml version="1.0" encoding="UTF-8"?>
<!-- Generated by org.testng.reporters.JUnitReportReporter -->
<testsuite hostname="Dell-PC" name="com.ClearTrip.Regression.Hotel.TestCase.SearchHotels" tests="1" failures="0" timestamp="26 Aug 2017 10:14:52 GMT" time="39.261" errors="0">
  <testcase name="SearchHotelPage" time="39.261" classname="com.ClearTrip.Regression.Hotel.TestCase.SearchHotels"/>
</testsuite> <!-- com.ClearTrip.Regression.Hotel.TestCase.SearchHotels -->
