<?xml version="1.0" encoding="UTF-8"?>
<!-- Generated by org.testng.reporters.JUnitReportReporter -->
<testsuite hostname="Dell-PC" name="com.ClearTrip.Regression.Hotel.TestCase.OpenClearTrip" tests="1" failures="0" timestamp="22 Aug 2017 21:26:46 GMT" time="13.410" errors="0">
  <testcase name="OpenClearTripPage" time="13.410" classname="com.ClearTrip.Regression.Hotel.TestCase.OpenClearTrip"/>
</testsuite> <!-- com.ClearTrip.Regression.Hotel.TestCase.OpenClearTrip -->
