<?xml version="1.0" encoding="UTF-8"?>
<!-- Generated by org.testng.reporters.JUnitReportReporter -->
<testsuite hostname="Dell-PC" name="com.ClearTrip.Regression.Hotel.TestCase.OpenClearTrip" tests="1" failures="0" timestamp="26 Aug 2017 10:14:52 GMT" time="14.288" errors="0">
  <testcase name="OpenClearTripPage" time="14.288" classname="com.ClearTrip.Regression.Hotel.TestCase.OpenClearTrip"/>
</testsuite> <!-- com.ClearTrip.Regression.Hotel.TestCase.OpenClearTrip -->
