<?xml version="1.0" encoding="UTF-8"?>
<!-- Generated by org.testng.reporters.JUnitReportReporter -->
<testsuite hostname="Dell-PC" name="com.ClearTrip.Regression.Hotel.TestCase.SearchHotels" tests="1" failures="0" timestamp="22 Aug 2017 21:32:23 GMT" time="18.334" errors="0">
  <testcase name="SearchHotelPage" time="18.334" classname="com.ClearTrip.Regression.Hotel.TestCase.SearchHotels"/>
</testsuite> <!-- com.ClearTrip.Regression.Hotel.TestCase.SearchHotels -->
